Building target 'run-test-tier1' in configuration 'linux-s390x-server-fastdebug'
Creating 1 test executable file(s) for BUILD_LIBTEST_JTREG_EXECUTABLES
Creating 3 test library file(s) for BUILD_LIBTEST_LIBRARIES
#
# A fatal error has been detected by the Java Runtime Environment:
#
#  SIGILL (0x4) at pc=0x000003ffa3b15472, pid=1502031, tid=1502180
#
# JRE version: OpenJDK Runtime Environment (26.0) (fastdebug build 26-internal-adhoc.amit.jdk)
# Java VM: OpenJDK 64-Bit Server VM (fastdebug 26-internal-adhoc.amit.jdk, mixed mode, tiered, compressed oops, compressed class ptrs, g1 gc, linux-s390x)
# Problematic frame:
# V  [libjvm.so+0x415476]  BarrierSetNMethod::set_guard_value(nmethod*, int, int)+0xfe
#
# Core dump will be written. Default location: Core dumps may be processed with "/usr/share/apport/apport -p%p -s%s -c%c -d%d -P%P -u%u -g%g -F%F -- %E" (or dumping to /home/amit/head/jdk/make/core.1502031)
#
# An error report file with more information is saved as:
# /home/amit/head/jdk/make/hs_err_pid1502031.log
     Locks owned:
    Mutex: [0x000003ffa5373968] CodeCache_lock - owner: 0x000003ff9c750940 allow_vm_block nosafepoint-2
    Mutex: [0x000003ffa5373e90] Compile_lock - owner: 0x000003ff9c750940 safepoint-1
    Mutex: [0x000003ffa5371028] MethodCompileQueue_lock - owner: 0x000003ff9c750940 safepoint
#
# Compiler replay data is saved as:
# /home/amit/head/jdk/make/replay_pid1502031.log
#
# If you would like to submit a bug report, please visit:
#   https://bugreport.java.com/bugreport/crash.jsp
#
/usr/bin/bash: line 1: 1502031 Aborted                 (core dumped) /home/amit/head/jdk/build/linux-s390x-server-fastdebug/jdk/bin/javac -J-Djava.io.tmpdir=/home/amit/head/jdk/build/linux-s390x-server-fastdebug/support/javatmp -g -Xlint:all -source 26 -target 26 -implicit:none -Xprefer:source -XDignore.symbol.file=true --add-modules jdk.compiler,jdk.jdeps --add-exports jdk.compiler/com.sun.tools.javac.api=ALL-UNNAMED --add-exports jdk.compiler/com.sun.tools.javac.code=ALL-UNNAMED --add-exports jdk.compiler/com.sun.tools.javac.util=ALL-UNNAMED --add-exports jdk.compiler/com.sun.tools.javac.jvm=ALL-UNNAMED -encoding utf-8 -Werror -Xlint:-options -XDmodifiedInputs=/home/amit/head/jdk/build/linux-s390x-server-fastdebug/buildtools/create_symbols_javac/_the.COMPILE_CREATE_SYMBOLS_batch.modfiles.fixed -d /home/amit/head/jdk/build/linux-s390x-server-fastdebug/buildtools/create_symbols_javac @/home/amit/head/jdk/build/linux-s390x-server-fastdebug/buildtools/create_symbols_javac/_the.COMPILE_CREATE_SYMBOLS_batch.filelist > >(/usr/bin/tee -a /home/amit/head/jdk/build/linux-s390x-server-fastdebug/buildtools/create_symbols_javac/_the.COMPILE_CREATE_SYMBOLS_batch.log) 2> >(/usr/bin/tee -a /home/amit/head/jdk/build/linux-s390x-server-fastdebug/buildtools/create_symbols_javac/_the.COMPILE_CREATE_SYMBOLS_batch.log >&2)
gmake[3]: *** [modules/jdk.compiler/Gendata.gmk:60: /home/amit/head/jdk/build/linux-s390x-server-fastdebug/buildtools/create_symbols_javac/_the.COMPILE_CREATE_SYMBOLS_batch] Error 134
gmake[2]: *** [make/Main.gmk:136: jdk.compiler-gendata] Error 2
gmake[2]: *** Waiting for unfinished jobs....
Creating 61 test library file(s) for BUILD_JDK_JTREG_LIBRARIES
Creating 8 test executable file(s) for BUILD_JDK_JTREG_EXECUTABLES
Creating 862 test library file(s) for HOTSPOT_JTREG_LIBRARIES
Creating 7 test executable file(s) for HOTSPOT_JTREG_EXECUTABLES

ERROR: Build failed for target 'run-test-tier1' in configuration 'linux-s390x-server-fastdebug' (exit code 2)
